<?xml version="1.0" encoding="UTF-8"?>
<!-- Generated by org.testng.reporters.JUnitXMLReporter -->
<testsuite hostname="KARTHIK-RAJENDRAN" ignored="0" name="Default test" tests="3" failures="0" timestamp="14 Apr 2018 10:59:27 GMT" time="83.692" errors="0">
  <testcase name="validateCreateNewContact" time="3.236" classname="com.crm.qa.test.ContactsPageTest"/>
  <testcase name="validateCreateNewContact" time="2.379" classname="com.crm.qa.test.ContactsPageTest"/>
  <testcase name="validateCreateNewContact" time="2.269" classname="com.crm.qa.test.ContactsPageTest"/>
</testsuite> <!-- Default test -->
